Base path: 'C:/Program Files/Unity/Hub/Editor/2020.1.4f1/Editor/Data', plugins path 'C:/Program Files/Unity/Hub/Editor/2020.1.4f1/Editor/Data/PlaybackEngines'
Cmd: initializeCompiler
Cmd: compileSnippet
  api=4 type=0 insize=1602 outsize=2002 kw=DIRECTIONAL SHADOWS_SCREEN LIGHTPROBE_SH _ALPHATEST_ON _SPECULARHIGHLIGHTS_OFF _GLOSSYREFLECTIONS_OFF pd=UNITY_ENABLE_REFLECTION_BUFFERS UNITY_USE_DITHER_MASK_FOR_ALPHABLENDED_SHADOWS UNITY_PBS_USE_BRDF1 UNITY_SPECCUBE_BOX_PROJECTION UNITY_SPECCUBE_BLENDING UNITY_ENABLE_DETAIL_NORMALMAP SHADER_API_DESKTOP UNITY_COLORSPACE_GAMMA UNITY_LIGHT_PROBE_PROXY_VOLUME UNITY_LIGHTMAP_FULL_HDR UNITY_PASS_FORWARDBASE dkw=_EMISSION FOG_LINEAR FOG_EXP FOG_EXP2 INSTANCING_ON _NORMALMAP _ALPHABLEND_ON _ALPHAPREMULTIPLY_ON _METALLICGLOSSMAP _DETAIL_MULX2 _SMOOTHNESS_TEXTURE_ALBEDO_CHANNEL_A _PARALLAXMAP SHADOWS_SHADOWMASK DYNAMICLIGHTMAP_ON LIGHTMAP_ON LIGHTMAP_SHADOW_MIXING DIRLIGHTMAP_COMBINED VERTEXLIGHT_ON UNITY_NO_DXT5nm UNITY_ENABLE_NATIVE_SHADOW_LOOKUPS UNITY_METAL_SHADOWS_USE_POINT_FILTERING UNITY_NO_SCREENSPACE_SHADOWS UNITY_PBS_USE_BRDF2 UNITY_PBS_USE_BRDF3 UNITY_NO_FULL_STANDARD_SHADER UNITY_HARDWARE_TIER1 UNITY_HARDWARE_TIER2 UNITY_HARDWARE_TIER3 UNITY_HALF_PRECISION_FRAGMENT_SHADER_REGISTERS UNITY_LIGHTMAP_DLDR_ENCODING UNITY_LIGHTMAP_RGBM_ENCODING UNITY_VIRTUAL_TEXTURING ok=1
Cmd: initializeCompiler
Cmd: compileComputeKernel
  api=4 insize=18301 outsize=3143 ok=1
Cmd: compileComputeKernel
  api=4 insize=12109 outsize=1584 ok=1
Cmd: compileComputeKernel
  api=4 insize=12109 outsize=1935 ok=1
Cmd: compileComputeKernel
  api=4 insize=12109 outsize=1562 ok=1
Cmd: compileComputeKernel
  api=4 insize=4442 outsize=1688 ok=1
Cmd: compileComputeKernel
  api=4 insize=4442 outsize=1594 ok=1
Cmd: compileComputeKernel
  api=4 insize=11985 outsize=1532 ok=1
Cmd: compileComputeKernel
  api=4 insize=11985 outsize=1499 ok=1
Cmd: compileComputeKernel
  api=4 insize=11985 outsize=1506 ok=1
Cmd: compileComputeKernel
  api=4 insize=11985 outsize=1469 ok=1
Cmd: compileComputeKernel
  api=4 insize=11985 outsize=1469 ok=1
Cmd: compileComputeKernel
  api=4 insize=34089 outsize=1635 ok=1
Cmd: compileComputeKernel
  api=4 insize=34089 outsize=1315 ok=1
Cmd: compileComputeKernel
  api=4 insize=34089 outsize=1469 ok=1
Cmd: compileComputeKernel
  api=4 insize=34089 outsize=1461 ok=1
Cmd: compileComputeKernel
  api=4 insize=34089 outsize=1865 ok=1
Cmd: compileComputeKernel
  api=4 insize=34089 outsize=876 ok=1
Cmd: compileComputeKernel
  api=4 insize=34089 outsize=626 ok=1
Cmd: compileComputeKernel
  api=4 insize=34089 outsize=753 ok=1
Cmd: compileComputeKernel
  api=4 insize=34089 outsize=1009 ok=1
Cmd: compileComputeKernel
  api=4 insize=34089 outsize=781 ok=1
Cmd: compileComputeKernel
  api=4 insize=34089 outsize=678 ok=1
Cmd: compileComputeKernel
  api=4 insize=66874 outsize=1386 ok=1
Cmd: compileComputeKernel
  api=4 insize=66874 outsize=1684 ok=1
Cmd: compileComputeKernel
  api=4 insize=66874 outsize=2030 ok=1
Cmd: compileComputeKernel
  api=4 insize=66874 outsize=1305 ok=1
Cmd: compileComputeKernel
  api=4 insize=66874 outsize=2001 ok=1
Cmd: compileComputeKernel
  api=4 insize=66874 outsize=1860 ok=1
Cmd: compileComputeKernel
  api=4 insize=66874 outsize=1823 ok=1
Cmd: compileComputeKernel
  api=4 insize=66874 outsize=1823 ok=1
Cmd: compileComputeKernel
  api=4 insize=66874 outsize=1315 ok=1
Cmd: compileComputeKernel
  api=4 insize=66874 outsize=1387 ok=1
Cmd: compileComputeKernel
  api=4 insize=66874 outsize=1314 ok=1
Cmd: compileComputeKernel
  api=4 insize=66874 outsize=1328 ok=1
Cmd: compileComputeKernel
  api=4 insize=66874 outsize=1435 ok=1
Cmd: compileComputeKernel
  api=4 insize=66874 outsize=1465 ok=1
Cmd: compileComputeKernel
  api=4 insize=66874 outsize=2483 ok=1
Cmd: compileComputeKernel
  api=4 insize=66874 outsize=2926 ok=1
Cmd: compileComputeKernel
  api=4 insize=79248 outsize=3729 ok=1
Cmd: compileComputeKernel
  api=4 insize=79248 outsize=9841 ok=1
Cmd: compileComputeKernel
  api=4 insize=79248 outsize=6368 ok=1
